Using pre-set license
Built from '2021.3/staging' branch; Version is '2021.3.10f1 (1c7d0df0160b) revision 1867021'; Using compiler version '192829333'; Build Type 'Release'
OS: 'Windows 10  (10.0.19044) 64bit Professional' Language: 'zh' Physical Memory: 16297 MB
BatchMode: 1, IsHumanControllingUs: 0, StartBugReporterOnCrash: 0, Is64bit: 1, IsPro: 1

COMMAND LINE ARGUMENTS:
D:\unity\Unity 2021.3.10f1\Editor\Unity.exe
-adb2
-batchMode
-noUpm
-name
AssetImportWorker2
-projectPath
D:/demo/CardGame
-logFile
Logs/AssetImportWorker2.log
-srvPort
56665
Successfully changed project path to: D:/demo/CardGame
D:/demo/CardGame
[UnityMemory] Configuration Parameters - Can be set up in boot.config
    "memorysetup-bucket-allocator-granularity=16"
    "memorysetup-bucket-allocator-bucket-count=8"
    "memorysetup-bucket-allocator-block-size=33554432"
    "memorysetup-bucket-allocator-block-count=8"
    "memorysetup-main-allocator-block-size=16777216"
    "memorysetup-thread-allocator-block-size=16777216"
    "memorysetup-gfx-main-allocator-block-size=16777216"
    "memorysetup-gfx-thread-allocator-block-size=16777216"
    "memorysetup-cache-allocator-block-size=4194304"
    "memorysetup-typetree-allocator-block-size=2097152"
    "memorysetup-profiler-bucket-allocator-granularity=16"
    "memorysetup-profiler-bucket-allocator-bucket-count=8"
    "memorysetup-profiler-bucket-allocator-block-size=33554432"
    "memorysetup-profiler-bucket-allocator-block-count=8"
    "memorysetup-profiler-allocator-block-size=16777216"
    "memorysetup-profiler-editor-allocator-block-size=1048576"
    "memorysetup-temp-allocator-size-main=16777216"
    "memorysetup-job-temp-allocator-block-size=2097152"
    "memorysetup-job-temp-allocator-block-size-background=1048576"
    "memorysetup-job-temp-allocator-reduction-small-platforms=262144"
    "memorysetup-temp-allocator-size-background-worker=32768"
    "memorysetup-temp-allocator-size-job-worker=262144"
    "memorysetup-temp-allocator-size-preload-manager=33554432"
    "memorysetup-temp-allocator-size-nav-mesh-worker=65536"
    "memorysetup-temp-allocator-size-audio-worker=65536"
    "memorysetup-temp-allocator-size-cloud-worker=32768"
    "memorysetup-temp-allocator-size-gi-baking-worker=262144"
    "memorysetup-temp-allocator-size-gfx=262144"
Refreshing native plugins compatible for Editor in 91.07 ms, found 4 plugins.
Preloading 0 native plugins for Editor in 0.00 ms.
Initialize engine version: 2021.3.10f1 (1c7d0df0160b)
[Subsystems] Discovering subsystems at path D:/unity/Unity 2021.3.10f1/Editor/Data/Resources/UnitySubsystems
[Subsystems] Discovering subsystems at path D:/demo/CardGame/Assets
GfxDevice: creating device client; threaded=0; jobified=0
Direct3D:
    Version:  Direct3D 11.0 [level 11.1]
    Renderer: NVIDIA GeForce GTX 1660 (ID=0x2184)
    Vendor:   NVIDIA
    VRAM:     5991 MB
    Driver:   31.0.15.1694
Initialize mono
Mono path[0] = 'D:/unity/Unity 2021.3.10f1/Editor/Data/Managed'
Mono path[1] = 'D:/unity/Unity 2021.3.10f1/Editor/Data/MonoBleedingEdge/lib/mono/unityjit-win32'
Mono config path = 'D:/unity/Unity 2021.3.10f1/Editor/Data/MonoBleedingEdge/etc'
Using monoOptions --debugger-agent=transport=dt_socket,embedding=1,server=y,suspend=n,address=127.0.0.1:56564
Begin MonoManager ReloadAssembly
Registering precompiled unity dll's ...
Register platform support module: D:/unity/Unity 2021.3.10f1/Editor/Data/PlaybackEngines/WindowsStandaloneSupport/UnityEditor.WindowsStandalone.Extensions.dll
Registered in 0.003697 seconds.
Native extension for WindowsStandalone target not found
Refreshing native plugins compatible for Editor in 92.19 ms, found 4 plugins.
Preloading 0 native plugins for Editor in 0.00 ms.
Mono: successfully reloaded assembly
- Completed reload, in  0.600 seconds
Domain Reload Profiling:
	ReloadAssembly (601ms)
		BeginReloadAssembly (76ms)
			ExecutionOrderSort (0ms)
			DisableScriptedObjects (0ms)
			BackupInstance (0ms)
			ReleaseScriptingObjects (0ms)
			CreateAndSetChildDomain (1ms)
		EndReloadAssembly (423ms)
			LoadAssemblies (74ms)
			RebuildTransferFunctionScriptingTraits (0ms)
			SetupTypeCache (96ms)
			ReleaseScriptCaches (0ms)
			RebuildScriptCaches (27ms)
			SetupLoadedEditorAssemblies (255ms)
				LogAssemblyErrors (0ms)
				InitializePlatformSupportModulesInManaged (7ms)
				SetLoadedEditorAssemblies (0ms)
				RefreshPlugins (92ms)
				BeforeProcessingInitializeOnLoad (1ms)
				ProcessInitializeOnLoadAttributes (115ms)
				ProcessInitializeOnLoadMethodAttributes (40ms)
				AfterProcessingInitializeOnLoad (0ms)
				EditorAssembliesLoaded (0ms)
			ExecutionOrderSort2 (0ms)
			AwakeInstancesAfterBackupRestoration (0ms)
Platform modules already initialized, skipping
Registering precompiled user dll's ...
Registered in 0.006542 seconds.
Begin MonoManager ReloadAssembly
Symbol file LoadedFromMemory doesn't match image D:\demo\CardGame\Library\PackageCache\com.unity.visualscripting@1.7.8\Editor\VisualScripting.Core\Dependencies\YamlDotNet\Unity.VisualScripting.YamlDotNet.dll
Symbol file LoadedFromMemory doesn't match image D:\demo\CardGame\Library\PackageCache\com.unity.visualscripting@1.7.8\Editor\VisualScripting.Core\Dependencies\DotNetZip\Unity.VisualScripting.IonicZip.dll
Native extension for WindowsStandalone target not found
Refreshing native plugins compatible for Editor in 83.30 ms, found 4 plugins.
Preloading 0 native plugins for Editor in 0.00 ms.
Mono: successfully reloaded assembly
- Completed reload, in  1.109 seconds
Domain Reload Profiling:
	ReloadAssembly (1109ms)
		BeginReloadAssembly (112ms)
			ExecutionOrderSort (0ms)
			DisableScriptedObjects (5ms)
			BackupInstance (0ms)
			ReleaseScriptingObjects (0ms)
			CreateAndSetChildDomain (19ms)
		EndReloadAssembly (891ms)
			LoadAssemblies (96ms)
			RebuildTransferFunctionScriptingTraits (0ms)
			SetupTypeCache (252ms)
			ReleaseScriptCaches (1ms)
			RebuildScriptCaches (58ms)
			SetupLoadedEditorAssemblies (454ms)
				LogAssemblyErrors (0ms)
				InitializePlatformSupportModulesInManaged (3ms)
				SetLoadedEditorAssemblies (0ms)
				RefreshPlugins (83ms)
				BeforeProcessingInitializeOnLoad (91ms)
				ProcessInitializeOnLoadAttributes (227ms)
				ProcessInitializeOnLoadMethodAttributes (44ms)
				AfterProcessingInitializeOnLoad (5ms)
				EditorAssembliesLoaded (0ms)
			ExecutionOrderSort2 (0ms)
			AwakeInstancesAfterBackupRestoration (6ms)
Platform modules already initialized, skipping
========================================================================
Worker process is ready to serve import requests
Launched and connected shader compiler UnityShaderCompiler.exe after 0.06 seconds
Refreshing native plugins compatible for Editor in 1.38 ms, found 4 plugins.
Preloading 0 native plugins for Editor in 0.00 ms.
Unloading 4068 Unused Serialized files (Serialized files now loaded: 0)
Unloading 38 unused Assets / (56.4 KB). Loaded Objects now: 4524.
Memory consumption went from 151.2 MB to 151.2 MB.
Total: 3.437600 ms (FindLiveObjects: 0.321700 ms CreateObjectMapping: 0.266000 ms MarkObjects: 2.772900 ms  DeleteObjects: 0.076000 ms)

AssetImportParameters requested are different than current active one (requested -> active):
  custom:video-decoder-ogg-theora: a1e56fd34408186e4bbccfd4996cb3dc -> 
  custom:container-muxer-webm: aa71ff27fc2769a1b78a27578f13a17b -> 
  custom:container-demuxer-webm: 4f35f7cbe854078d1ac9338744f61a02 -> 
  custom:video-encoder-webm-vp8: eb34c28f22e8b96e1ab97ce403110664 -> 
  custom:audio-encoder-webm-vorbis: bf7c407c2cedff20999df2af8eb42d56 -> 
  custom:framework-win-MediaFoundation: 216162199b28c13a410421893ffa2e32 -> 
  custom:container-demuxer-ogg: 62fdf1f143b41e24485cea50d1cbac27 -> 
  custom:video-decoder-webm-vp8: 9c59270c3fd7afecdb556c50c9e8de78 -> 
  custom:audio-decoder-ogg-vorbis: bf7c407c2cedff20999df2af8eb42d56 -> 
========================================================================
Received Import Request.
  Time since last request: 253863.388741 seconds.
  path: Assets/Raw and SpriteSheets/White1x.png
  artifactKey: Guid(39593ca37478df14e8e229aa2a036999) Importer(815301076,1909f56bfc062723c751e8b465ee728b)
Start importing Assets/Raw and SpriteSheets/White1x.png using Guid(39593ca37478df14e8e229aa2a036999) Importer(815301076,1909f56bfc062723c751e8b465ee728b)  -> (artifact id: '6db408e05310a2398351819421e91fb9') in 0.201676 seconds 
========================================================================
Received Import Request.
  Time since last request: 0.000019 seconds.
  path: Assets/Raw and SpriteSheets/Extras.png
  artifactKey: Guid(7146f89077ead2542bf1ad7bca470bdc) Importer(815301076,1909f56bfc062723c751e8b465ee728b)
Start importing Assets/Raw and SpriteSheets/Extras.png using Guid(7146f89077ead2542bf1ad7bca470bdc) Importer(815301076,1909f56bfc062723c751e8b465ee728b)  -> (artifact id: '7d50f1105aa6ffb0fad79f3f56407d9d') in 0.192115 seconds 
========================================================================
Received Import Request.
  Time since last request: 386.798909 seconds.
  path: Assets/Raw and SpriteSheets
  artifactKey: Guid(a305528f7b80a23408a0c0a0b34c6921) Importer(815301076,1909f56bfc062723c751e8b465ee728b)
Start importing Assets/Raw and SpriteSheets using Guid(a305528f7b80a23408a0c0a0b34c6921) Importer(815301076,1909f56bfc062723c751e8b465ee728b)  -> (artifact id: 'ea215fb4ded2a644b29cdf3717423d29') in 0.005941 seconds 
========================================================================
Received Import Request.
  Time since last request: 3.995264 seconds.
  path: Assets/UI Elements
  artifactKey: Guid(1dc0d391317d9274b969bc6e895c8417) Importer(815301076,1909f56bfc062723c751e8b465ee728b)
Start importing Assets/UI Elements using Guid(1dc0d391317d9274b969bc6e895c8417) Importer(815301076,1909f56bfc062723c751e8b465ee728b)  -> (artifact id: '3917fc5060ae1a903700cc4d1ccc8ccf') in 0.004758 seconds 
========================================================================
Received Import Request.
  Time since last request: 1.348945 seconds.
  path: Assets/UI Elements/White
  artifactKey: Guid(abc3bd384647d784d80047c87a3fd70a) Importer(815301076,1909f56bfc062723c751e8b465ee728b)
Start importing Assets/UI Elements/White using Guid(abc3bd384647d784d80047c87a3fd70a) Importer(815301076,1909f56bfc062723c751e8b465ee728b)  -> (artifact id: '2ff3afffebd27325b6d4c16ddd710559') in 0.005179 seconds 
========================================================================
Received Import Request.
  Time since last request: 1.001317 seconds.
  path: Assets/UI Elements/White/1x
  artifactKey: Guid(d089adfb980b9a041a5029504f526f94) Importer(815301076,1909f56bfc062723c751e8b465ee728b)
Start importing Assets/UI Elements/White/1x using Guid(d089adfb980b9a041a5029504f526f94) Importer(815301076,1909f56bfc062723c751e8b465ee728b)  -> (artifact id: 'f3c37b66f3d06fc0fd92d7d2ecbfe4e5') in 0.005060 seconds 
========================================================================
Received Import Request.
  Time since last request: 0.041473 seconds.
  path: Assets/UI Elements/White/1x/backward.png
  artifactKey: Guid(84e82be6dba927947b3326e9a8bfcdd9) Importer(815301076,1909f56bfc062723c751e8b465ee728b)
Start importing Assets/UI Elements/White/1x/backward.png using Guid(84e82be6dba927947b3326e9a8bfcdd9) Importer(815301076,1909f56bfc062723c751e8b465ee728b)  -> (artifact id: 'f839e9add26f934b369ef2a4a26401ab') in 0.026312 seconds 
========================================================================
Received Import Request.
  Time since last request: 0.000035 seconds.
  path: Assets/UI Elements/White/1x/BUtton 2.png
  artifactKey: Guid(a67d80a1e6dd824409cb30f62dc28448) Importer(815301076,1909f56bfc062723c751e8b465ee728b)
Start importing Assets/UI Elements/White/1x/BUtton 2.png using Guid(a67d80a1e6dd824409cb30f62dc28448) Importer(815301076,1909f56bfc062723c751e8b465ee728b)  -> (artifact id: 'cc5f14fc39437158556af2b5c70b4bcf') in 0.020695 seconds 
========================================================================
Received Import Request.
  Time since last request: 0.000017 seconds.
  path: Assets/UI Elements/White/1x/BUtton 3.png
  artifactKey: Guid(4b8ac79055b2af4408f7a8ffd3b7610d) Importer(815301076,1909f56bfc062723c751e8b465ee728b)
Start importing Assets/UI Elements/White/1x/BUtton 3.png using Guid(4b8ac79055b2af4408f7a8ffd3b7610d) Importer(815301076,1909f56bfc062723c751e8b465ee728b)  -> (artifact id: '121769aa9e32d2290b817508c217072d') in 0.019435 seconds 
========================================================================
Received Import Request.
  Time since last request: 0.000014 seconds.
  path: Assets/UI Elements/White/1x/settings.png
  artifactKey: Guid(ec785febb56d8bb469dd6cb6235ebcd2) Importer(815301076,1909f56bfc062723c751e8b465ee728b)
Start importing Assets/UI Elements/White/1x/settings.png using Guid(ec785febb56d8bb469dd6cb6235ebcd2) Importer(815301076,1909f56bfc062723c751e8b465ee728b)  -> (artifact id: '603f650599fbac7f144e23d66a2f8b74') in 0.016838 seconds 
========================================================================
Received Import Request.
  Time since last request: 0.000015 seconds.
  path: Assets/UI Elements/White/1x/BUtton B.png
  artifactKey: Guid(964431ef0f1cd0d44bedb70a01641458) Importer(815301076,1909f56bfc062723c751e8b465ee728b)
Start importing Assets/UI Elements/White/1x/BUtton B.png using Guid(964431ef0f1cd0d44bedb70a01641458) Importer(815301076,1909f56bfc062723c751e8b465ee728b)  -> (artifact id: '418a0dabf6bd900860ece50dc4a1129a') in 0.016768 seconds 
========================================================================
Received Import Request.
  Time since last request: 0.000031 seconds.
  path: Assets/UI Elements/White/1x/exit right.png
  artifactKey: Guid(e11d3330e5e316e43b980432fab67f97) Importer(815301076,1909f56bfc062723c751e8b465ee728b)
Start importing Assets/UI Elements/White/1x/exit right.png using Guid(e11d3330e5e316e43b980432fab67f97) Importer(815301076,1909f56bfc062723c751e8b465ee728b)  -> (artifact id: '63ce90895d0a5d2215701d6fe7a5ede0') in 0.016743 seconds 
========================================================================
Received Import Request.
  Time since last request: 0.000015 seconds.
  path: Assets/UI Elements/White/1x/gamepad1.png
  artifactKey: Guid(cdf51f297971bed4d839669437195e6d) Importer(815301076,1909f56bfc062723c751e8b465ee728b)
Start importing Assets/UI Elements/White/1x/gamepad1.png using Guid(cdf51f297971bed4d839669437195e6d) Importer(815301076,1909f56bfc062723c751e8b465ee728b)  -> (artifact id: '4e274b92cb24b83ae7ce6ec78328462c') in 0.017685 seconds 
========================================================================
Received Import Request.
  Time since last request: 0.000022 seconds.
  path: Assets/UI Elements/White/1x/music off.png
  artifactKey: Guid(7a19814244f58574fa6d9efdd064fa3e) Importer(815301076,1909f56bfc062723c751e8b465ee728b)
Start importing Assets/UI Elements/White/1x/music off.png using Guid(7a19814244f58574fa6d9efdd064fa3e) Importer(815301076,1909f56bfc062723c751e8b465ee728b)  -> (artifact id: '8648daf6e47f2e9d544f5cd70945da53') in 0.017512 seconds 
========================================================================
Received Import Request.
  Time since last request: 0.000022 seconds.
  path: Assets/UI Elements/White/1x/music on.png
  artifactKey: Guid(b0c3e53b408282f4288abf14cb70c14a) Importer(815301076,1909f56bfc062723c751e8b465ee728b)
Start importing Assets/UI Elements/White/1x/music on.png using Guid(b0c3e53b408282f4288abf14cb70c14a) Importer(815301076,1909f56bfc062723c751e8b465ee728b)  -> (artifact id: 'a96b919bba702186af107e9f698338f9') in 0.016756 seconds 
========================================================================
Received Import Request.
  Time since last request: 0.000022 seconds.
  path: Assets/UI Elements/White/1x/north-east arrow.png
  artifactKey: Guid(c093ba7d3e53324499e637b60c654ff5) Importer(815301076,1909f56bfc062723c751e8b465ee728b)
Start importing Assets/UI Elements/White/1x/north-east arrow.png using Guid(c093ba7d3e53324499e637b60c654ff5) Importer(815301076,1909f56bfc062723c751e8b465ee728b)  -> (artifact id: '7e5f1a66a0b0b51827f465876a222032') in 0.016408 seconds 
========================================================================
Received Import Request.
  Time since last request: 0.000015 seconds.
  path: Assets/UI Elements/White/1x/down arrow.png
  artifactKey: Guid(b6fcb67aab932ab47845505c9a99494c) Importer(815301076,1909f56bfc062723c751e8b465ee728b)
Start importing Assets/UI Elements/White/1x/down arrow.png using Guid(b6fcb67aab932ab47845505c9a99494c) Importer(815301076,1909f56bfc062723c751e8b465ee728b)  -> (artifact id: '9771f7b5b8799b58ff40a6d1922fa8aa') in 0.017909 seconds 
========================================================================
Received Import Request.
  Time since last request: 0.000018 seconds.
  path: Assets/UI Elements/White/1x/BUtton C.png
  artifactKey: Guid(c3e472f25f685b24cb873a70418519d3) Importer(815301076,1909f56bfc062723c751e8b465ee728b)
Start importing Assets/UI Elements/White/1x/BUtton C.png using Guid(c3e472f25f685b24cb873a70418519d3) Importer(815301076,1909f56bfc062723c751e8b465ee728b)  -> (artifact id: '3898c56254317807e7e8200f89943d2e') in 0.017659 seconds 
========================================================================
Received Import Request.
  Time since last request: 0.000020 seconds.
  path: Assets/UI Elements/White/1x/up.png
  artifactKey: Guid(32dcb7e3f2355c44f98f9350b3a3fc92) Importer(815301076,1909f56bfc062723c751e8b465ee728b)
Start importing Assets/UI Elements/White/1x/up.png using Guid(32dcb7e3f2355c44f98f9350b3a3fc92) Importer(815301076,1909f56bfc062723c751e8b465ee728b)  -> (artifact id: '16c663810e334aa22c29cb1756e66bb5') in 0.017530 seconds 
========================================================================
Received Import Request.
  Time since last request: 0.000025 seconds.
  path: Assets/UI Elements/White/1x/menu2.png
  artifactKey: Guid(fd2a1fb3e51510049945a1f359a4ccba) Importer(815301076,1909f56bfc062723c751e8b465ee728b)
Start importing Assets/UI Elements/White/1x/menu2.png using Guid(fd2a1fb3e51510049945a1f359a4ccba) Importer(815301076,1909f56bfc062723c751e8b465ee728b)  -> (artifact id: 'a47c519a05f9d83b2b7957e0b010e0ea') in 0.020173 seconds 
========================================================================
Received Import Request.
  Time since last request: 0.000023 seconds.
  path: Assets/UI Elements/White/1x/south-east arrow.png
  artifactKey: Guid(945fc62d0dca2254f9c8b49984a55393) Importer(815301076,1909f56bfc062723c751e8b465ee728b)
Start importing Assets/UI Elements/White/1x/south-east arrow.png using Guid(945fc62d0dca2254f9c8b49984a55393) Importer(815301076,1909f56bfc062723c751e8b465ee728b)  -> (artifact id: 'ab1dd7a6ff97caacb18a44051687c144') in 0.018093 seconds 
========================================================================
Received Import Request.
  Time since last request: 0.000019 seconds.
  path: Assets/UI Elements/White/1x/sign2.png
  artifactKey: Guid(df199e17abfbe134d9cca069a7ac9248) Importer(815301076,1909f56bfc062723c751e8b465ee728b)
Start importing Assets/UI Elements/White/1x/sign2.png using Guid(df199e17abfbe134d9cca069a7ac9248) Importer(815301076,1909f56bfc062723c751e8b465ee728b)  -> (artifact id: '6a1a227fa9e100d5eea2cee939a1a375') in 0.019371 seconds 
========================================================================
Received Import Request.
  Time since last request: 0.000041 seconds.
  path: Assets/UI Elements/White/1x/left arrow.png
  artifactKey: Guid(a8c156df7e42dfd40a0af3ae927e559c) Importer(815301076,1909f56bfc062723c751e8b465ee728b)
Start importing Assets/UI Elements/White/1x/left arrow.png using Guid(a8c156df7e42dfd40a0af3ae927e559c) Importer(815301076,1909f56bfc062723c751e8b465ee728b)  -> (artifact id: '8976949ff45d790bc7eca056d4ae9138') in 0.021493 seconds 
========================================================================
Received Import Request.
  Time since last request: 0.000034 seconds.
  path: Assets/UI Elements/White/1x/pause.png
  artifactKey: Guid(07eca9a1a43b8cd4cbfd05ec7eacf695) Importer(815301076,1909f56bfc062723c751e8b465ee728b)
Start importing Assets/UI Elements/White/1x/pause.png using Guid(07eca9a1a43b8cd4cbfd05ec7eacf695) Importer(815301076,1909f56bfc062723c751e8b465ee728b)  -> (artifact id: '2abd0b75e20a95e12cbe0d62f6550384') in 0.018921 seconds 
========================================================================
Received Import Request.
  Time since last request: 0.000022 seconds.
  path: Assets/UI Elements/White/1x/right.png
  artifactKey: Guid(b0325800c9b52704ab3193529a278ab6) Importer(815301076,1909f56bfc062723c751e8b465ee728b)
Start importing Assets/UI Elements/White/1x/right.png using Guid(b0325800c9b52704ab3193529a278ab6) Importer(815301076,1909f56bfc062723c751e8b465ee728b)  -> (artifact id: '93cbe6900f24057e5cda1a3b09bb97a2') in 0.017794 seconds 
========================================================================
Received Import Request.
  Time since last request: 0.000051 seconds.
  path: Assets/UI Elements/White/1x/video.png
  artifactKey: Guid(3718d157a9ae33d469bcd89dc6fe863f) Importer(815301076,1909f56bfc062723c751e8b465ee728b)
Start importing Assets/UI Elements/White/1x/video.png using Guid(3718d157a9ae33d469bcd89dc6fe863f) Importer(815301076,1909f56bfc062723c751e8b465ee728b)  -> (artifact id: 'b3910661e33070e29297bb05f1310584') in 0.019129 seconds 
========================================================================
Received Import Request.
  Time since last request: 0.000016 seconds.
  path: Assets/UI Elements/White/1x/share.png
  artifactKey: Guid(79203e86ffda6904cb5ed1ea84b589b0) Importer(815301076,1909f56bfc062723c751e8b465ee728b)
Start importing Assets/UI Elements/White/1x/share.png using Guid(79203e86ffda6904cb5ed1ea84b589b0) Importer(815301076,1909f56bfc062723c751e8b465ee728b)  -> (artifact id: 'baca1525fbb843ef06c48819b7eb85b8') in 0.018577 seconds 
========================================================================
Received Import Request.
  Time since last request: 0.000019 seconds.
  path: Assets/UI Elements/White/1x/yes-tic.png
  artifactKey: Guid(f4cb417d1cba28d4d911cc35d2a19d64) Importer(815301076,1909f56bfc062723c751e8b465ee728b)
Start importing Assets/UI Elements/White/1x/yes-tic.png using Guid(f4cb417d1cba28d4d911cc35d2a19d64) Importer(815301076,1909f56bfc062723c751e8b465ee728b)  -> (artifact id: 'dff5a7b0263f6a7e6c3a4f571132cee7') in 0.020030 seconds 
========================================================================
Received Import Request.
  Time since last request: 0.000019 seconds.
  path: Assets/UI Elements/White/1x/camera.png
  artifactKey: Guid(6218d182ea182704fb1261ea2fd211b4) Importer(815301076,1909f56bfc062723c751e8b465ee728b)
Start importing Assets/UI Elements/White/1x/camera.png using Guid(6218d182ea182704fb1261ea2fd211b4) Importer(815301076,1909f56bfc062723c751e8b465ee728b)  -> (artifact id: '186255b063a5e17149d49767c083a600') in 0.018712 seconds 
========================================================================
Received Import Request.
  Time since last request: 3.900274 seconds.
  path: Assets/UI Elements/White/2x
  artifactKey: Guid(c2238814a19a33241951d1db76e44ca8) Importer(815301076,1909f56bfc062723c751e8b465ee728b)
Start importing Assets/UI Elements/White/2x using Guid(c2238814a19a33241951d1db76e44ca8) Importer(815301076,1909f56bfc062723c751e8b465ee728b)  -> (artifact id: '86424ec92c91f0cdfdf588cb8348399a') in 0.005271 seconds 
========================================================================
Received Import Request.
  Time since last request: 0.070566 seconds.
  path: Assets/UI Elements/White/2x/backward.png
  artifactKey: Guid(2218ff1a2c15d104e873b8dee7545bd3) Importer(815301076,1909f56bfc062723c751e8b465ee728b)
Start importing Assets/UI Elements/White/2x/backward.png using Guid(2218ff1a2c15d104e873b8dee7545bd3) Importer(815301076,1909f56bfc062723c751e8b465ee728b)  -> (artifact id: '29c32029239da1895c02fc0a4441c761') in 0.022708 seconds 
========================================================================
Received Import Request.
  Time since last request: 0.000027 seconds.
  path: Assets/UI Elements/White/2x/pause.png
  artifactKey: Guid(1efe4aa24a33d0e4181b793c7107a7df) Importer(815301076,1909f56bfc062723c751e8b465ee728b)
Start importing Assets/UI Elements/White/2x/pause.png using Guid(1efe4aa24a33d0e4181b793c7107a7df) Importer(815301076,1909f56bfc062723c751e8b465ee728b)  -> (artifact id: 'deaea4b3b401a1336d059f0990c46e5d') in 0.024526 seconds 
========================================================================
Received Import Request.
  Time since last request: 0.000027 seconds.
  path: Assets/UI Elements/White/2x/settings.png
  artifactKey: Guid(90f67b789c9f7b44eac70357e4a0d534) Importer(815301076,1909f56bfc062723c751e8b465ee728b)
Start importing Assets/UI Elements/White/2x/settings.png using Guid(90f67b789c9f7b44eac70357e4a0d534) Importer(815301076,1909f56bfc062723c751e8b465ee728b)  -> (artifact id: '9505461dc2ad635cf4dc4a5124d2817a') in 0.022338 seconds 
========================================================================
Received Import Request.
  Time since last request: 0.000028 seconds.
  path: Assets/UI Elements/White/2x/info.png
  artifactKey: Guid(dc13b944fb4f7fe4dbea810f96b0c01f) Importer(815301076,1909f56bfc062723c751e8b465ee728b)
Start importing Assets/UI Elements/White/2x/info.png using Guid(dc13b944fb4f7fe4dbea810f96b0c01f) Importer(815301076,1909f56bfc062723c751e8b465ee728b)  -> (artifact id: '28869cbb71350fc3c030698bd66f98bd') in 0.024486 seconds 
========================================================================
Received Import Request.
  Time since last request: 0.000020 seconds.
  path: Assets/UI Elements/White/2x/right arrow.png
  artifactKey: Guid(6c66740ca7c5be442861e536cee1f920) Importer(815301076,1909f56bfc062723c751e8b465ee728b)
Start importing Assets/UI Elements/White/2x/right arrow.png using Guid(6c66740ca7c5be442861e536cee1f920) Importer(815301076,1909f56bfc062723c751e8b465ee728b)  -> (artifact id: 'aa19fdf9471a24f5933230a9b83d3765') in 0.022110 seconds 
========================================================================
Received Import Request.
  Time since last request: 0.000027 seconds.
  path: Assets/UI Elements/White/2x/sign1.png
  artifactKey: Guid(aa71daf2bdaf98f4294b307607c548cb) Importer(815301076,1909f56bfc062723c751e8b465ee728b)
Start importing Assets/UI Elements/White/2x/sign1.png using Guid(aa71daf2bdaf98f4294b307607c548cb) Importer(815301076,1909f56bfc062723c751e8b465ee728b)  -> (artifact id: '9ea0764bbd9d620e88d8eaaf0bf4fa8a') in 0.023810 seconds 
========================================================================
Received Import Request.
  Time since last request: 0.000026 seconds.
  path: Assets/UI Elements/White/2x/unlock.png
  artifactKey: Guid(37e6324d39e963f4b94cbd4311ddfef4) Importer(815301076,1909f56bfc062723c751e8b465ee728b)
Start importing Assets/UI Elements/White/2x/unlock.png using Guid(37e6324d39e963f4b94cbd4311ddfef4) Importer(815301076,1909f56bfc062723c751e8b465ee728b)  -> (artifact id: '2ad2dfc01750b8a0753cebcf9b398389') in 0.021473 seconds 
========================================================================
Received Import Request.
  Time since last request: 0.000016 seconds.
  path: Assets/UI Elements/White/2x/music off.png
  artifactKey: Guid(cd66867f62719cf478a3bd384c6e05dc) Importer(815301076,1909f56bfc062723c751e8b465ee728b)
Start importing Assets/UI Elements/White/2x/music off.png using Guid(cd66867f62719cf478a3bd384c6e05dc) Importer(815301076,1909f56bfc062723c751e8b465ee728b)  -> (artifact id: '3ce2f5a5deadf053315d956e4167462c') in 0.022242 seconds 
========================================================================
Received Import Request.
  Time since last request: 0.000028 seconds.
  path: Assets/UI Elements/White/2x/stop.png
  artifactKey: Guid(9c18d498f968f814183bcd31c8c90cd5) Importer(815301076,1909f56bfc062723c751e8b465ee728b)
Start importing Assets/UI Elements/White/2x/stop.png using Guid(9c18d498f968f814183bcd31c8c90cd5) Importer(815301076,1909f56bfc062723c751e8b465ee728b)  -> (artifact id: '5effab62e0946451f15d9ed712fd81c8') in 0.023217 seconds 
========================================================================
Received Import Request.
  Time since last request: 0.000024 seconds.
  path: Assets/UI Elements/White/2x/lock.png
  artifactKey: Guid(ed2186e15040af748a6d6484eebdc5e7) Importer(815301076,1909f56bfc062723c751e8b465ee728b)
Start importing Assets/UI Elements/White/2x/lock.png using Guid(ed2186e15040af748a6d6484eebdc5e7) Importer(815301076,1909f56bfc062723c751e8b465ee728b)  -> (artifact id: '419db66fe0349b6762350a6ca3f79a40') in 0.027590 seconds 
========================================================================
Received Import Request.
  Time since last request: 0.000076 seconds.
  path: Assets/UI Elements/White/2x/right.png
  artifactKey: Guid(184a260157178b2468cd651a8efbc251) Importer(815301076,1909f56bfc062723c751e8b465ee728b)
Start importing Assets/UI Elements/White/2x/right.png using Guid(184a260157178b2468cd651a8efbc251) Importer(815301076,1909f56bfc062723c751e8b465ee728b)  -> (artifact id: 'dcef048a41b46f663bc8ffd65c20a9ea') in 0.022338 seconds 
========================================================================
Received Import Request.
  Time since last request: 0.000018 seconds.
  path: Assets/UI Elements/White/2x/menu1.png
  artifactKey: Guid(17763da94fa23f84784caa26666b006c) Importer(815301076,1909f56bfc062723c751e8b465ee728b)
Start importing Assets/UI Elements/White/2x/menu1.png using Guid(17763da94fa23f84784caa26666b006c) Importer(815301076,1909f56bfc062723c751e8b465ee728b)  -> (artifact id: 'b1ae826140fc90abed5c24baf49ad48f') in 0.025673 seconds 
========================================================================
Received Import Request.
  Time since last request: 0.000056 seconds.
  path: Assets/UI Elements/White/2x/left.png
  artifactKey: Guid(ebd50b12e871e0142afe371f911d8eb2) Importer(815301076,1909f56bfc062723c751e8b465ee728b)
Start importing Assets/UI Elements/White/2x/left.png using Guid(ebd50b12e871e0142afe371f911d8eb2) Importer(815301076,1909f56bfc062723c751e8b465ee728b)  -> (artifact id: '6a2db8cc6500f56adecda9850dfbcd16') in 0.022993 seconds 
========================================================================
Received Import Request.
  Time since last request: 0.000018 seconds.
  path: Assets/UI Elements/White/2x/down.png
  artifactKey: Guid(3acd8d445bc88f547a8d43d9bd313ccf) Importer(815301076,1909f56bfc062723c751e8b465ee728b)
Start importing Assets/UI Elements/White/2x/down.png using Guid(3acd8d445bc88f547a8d43d9bd313ccf) Importer(815301076,1909f56bfc062723c751e8b465ee728b)  -> (artifact id: '1177a22f721514c5647cea6b7ffa54bb') in 0.023468 seconds 
========================================================================
Received Import Request.
  Time since last request: 0.000021 seconds.
  path: Assets/UI Elements/White/2x/star.png
  artifactKey: Guid(b510deb155efddf49bc1d00839a57356) Importer(815301076,1909f56bfc062723c751e8b465ee728b)
Start importing Assets/UI Elements/White/2x/star.png using Guid(b510deb155efddf49bc1d00839a57356) Importer(815301076,1909f56bfc062723c751e8b465ee728b)  -> (artifact id: 'fc93f3c11d975cde30b2ca4a14f68641') in 0.024479 seconds 
========================================================================
Received Import Request.
  Time since last request: 0.000022 seconds.
  path: Assets/UI Elements/White/2x/up arrow.png
  artifactKey: Guid(f770cba3027868644984454f295405d0) Importer(815301076,1909f56bfc062723c751e8b465ee728b)
Start importing Assets/UI Elements/White/2x/up arrow.png using Guid(f770cba3027868644984454f295405d0) Importer(815301076,1909f56bfc062723c751e8b465ee728b)  -> (artifact id: '2f8394b49ccd99350ea6b72c42c23a2e') in 0.020313 seconds 
========================================================================
Received Import Request.
  Time since last request: 0.000029 seconds.
  path: Assets/UI Elements/White/2x/Button B.png
  artifactKey: Guid(54240df153d2a504c881cd6d40d2b829) Importer(815301076,1909f56bfc062723c751e8b465ee728b)
Start importing Assets/UI Elements/White/2x/Button B.png using Guid(54240df153d2a504c881cd6d40d2b829) Importer(815301076,1909f56bfc062723c751e8b465ee728b)  -> (artifact id: 'ce2fbdc72ddf9beb1f56d21a9ff01790') in 0.022889 seconds 
========================================================================
Received Import Request.
  Time since last request: 7.369590 seconds.
  path: Assets/UI Elements/Extras
  artifactKey: Guid(52767b6e3aa8cd448a632d3ba14c57a5) Importer(815301076,1909f56bfc062723c751e8b465ee728b)
Start importing Assets/UI Elements/Extras using Guid(52767b6e3aa8cd448a632d3ba14c57a5) Importer(815301076,1909f56bfc062723c751e8b465ee728b)  -> (artifact id: '2665188d18fe71882681e2627576868e') in 0.001930 seconds 
========================================================================
Received Import Request.
  Time since last request: 0.062252 seconds.
  path: Assets/UI Elements/Extras/circle64.png
  artifactKey: Guid(105aa01b1530a1e48ba3df5d4a1cae8b) Importer(815301076,1909f56bfc062723c751e8b465ee728b)
Start importing Assets/UI Elements/Extras/circle64.png using Guid(105aa01b1530a1e48ba3df5d4a1cae8b) Importer(815301076,1909f56bfc062723c751e8b465ee728b)  -> (artifact id: '6490380767015e725ae613fd332695f5') in 0.019374 seconds 
========================================================================
Received Import Request.
  Time since last request: 3.402623 seconds.
  path: Assets/UI Elements/Extras/Rects
  artifactKey: Guid(5c4b7cbeac695b24fb2fbd72f5785be2) Importer(815301076,1909f56bfc062723c751e8b465ee728b)
Start importing Assets/UI Elements/Extras/Rects using Guid(5c4b7cbeac695b24fb2fbd72f5785be2) Importer(815301076,1909f56bfc062723c751e8b465ee728b)  -> (artifact id: 'acd04d0f08fc5b4bd34ec2c074160a9d') in 0.004810 seconds 
========================================================================
Received Import Request.
  Time since last request: 0.038952 seconds.
  path: Assets/UI Elements/Extras/Rects/rect3pxRy8.png
  artifactKey: Guid(acfc314f747513a4e9ed3c67e3d171a7) Importer(815301076,1909f56bfc062723c751e8b465ee728b)
Start importing Assets/UI Elements/Extras/Rects/rect3pxRy8.png using Guid(acfc314f747513a4e9ed3c67e3d171a7) Importer(815301076,1909f56bfc062723c751e8b465ee728b)  -> (artifact id: 'c1ffca7e0e40e7d733330715302201d0') in 0.022766 seconds 
========================================================================
Received Import Request.
  Time since last request: 0.000017 seconds.
  path: Assets/UI Elements/Extras/Rects/roundRect.png
  artifactKey: Guid(a74dacc9bfcf47749a8630eac3456429) Importer(815301076,1909f56bfc062723c751e8b465ee728b)
Start importing Assets/UI Elements/Extras/Rects/roundRect.png using Guid(a74dacc9bfcf47749a8630eac3456429) Importer(815301076,1909f56bfc062723c751e8b465ee728b)  -> (artifact id: 'b2b289554ebdbfb5d879b97070dafe7a') in 0.026891 seconds 
========================================================================
Received Import Request.
  Time since last request: 0.000017 seconds.
  path: Assets/UI Elements/Extras/Rects/rectRy8.png
  artifactKey: Guid(07d91d9460b9e0c47b239fe98e5e0395) Importer(815301076,1909f56bfc062723c751e8b465ee728b)
Start importing Assets/UI Elements/Extras/Rects/rectRy8.png using Guid(07d91d9460b9e0c47b239fe98e5e0395) Importer(815301076,1909f56bfc062723c751e8b465ee728b)  -> (artifact id: 'f76a5a47ed2be1051969470bc497345d') in 0.022557 seconds 
========================================================================
Received Import Request.
  Time since last request: 846.256233 seconds.
  path: Assets/TextMesh Pro
  artifactKey: Guid(f54d1bd14bd3ca042bd867b519fee8cc) Importer(815301076,1909f56bfc062723c751e8b465ee728b)
Start importing Assets/TextMesh Pro using Guid(f54d1bd14bd3ca042bd867b519fee8cc) Importer(815301076,1909f56bfc062723c751e8b465ee728b)  -> (artifact id: 'f5648c5ef36b7beab651a001a8d08867') in 0.005717 seconds 
========================================================================
Received Import Request.
  Time since last request: 13.107275 seconds.
  path: Assets/TextMesh Pro/Scripts
  artifactKey: Guid(68ea489554fb25a498448b18a5e99b49) Importer(815301076,1909f56bfc062723c751e8b465ee728b)
Start importing Assets/TextMesh Pro/Scripts using Guid(68ea489554fb25a498448b18a5e99b49) Importer(815301076,1909f56bfc062723c751e8b465ee728b)  -> (artifact id: 'fe818a364a81174584dfa762b8393315') in 0.004761 seconds 
========================================================================
Received Import Request.
  Time since last request: 9.972267 seconds.
  path: Assets/TextMesh Pro/Scripts/Card.cs
  artifactKey: Guid(d8844e3433081824b8497d789bb23491) Importer(815301076,1909f56bfc062723c751e8b465ee728b)
Start importing Assets/TextMesh Pro/Scripts/Card.cs using Guid(d8844e3433081824b8497d789bb23491) Importer(815301076,1909f56bfc062723c751e8b465ee728b)  -> (artifact id: '8a2f83e753de5b76e1d5c538d07fd178') in 0.011761 seconds 
========================================================================
Received Prepare
Registering precompiled user dll's ...
Registered in 0.005863 seconds.
Begin MonoManager ReloadAssembly
Symbol file LoadedFromMemory doesn't match image D:\demo\CardGame\Library\PackageCache\com.unity.visualscripting@1.7.8\Editor\VisualScripting.Core\Dependencies\YamlDotNet\Unity.VisualScripting.YamlDotNet.dll
Symbol file LoadedFromMemory doesn't match image D:\demo\CardGame\Library\PackageCache\com.unity.visualscripting@1.7.8\Editor\VisualScripting.Core\Dependencies\DotNetZip\Unity.VisualScripting.IonicZip.dll
Native extension for WindowsStandalone target not found
Refreshing native plugins compatible for Editor in 0.67 ms, found 4 plugins.
Preloading 0 native plugins for Editor in 0.00 ms.
Mono: successfully reloaded assembly
- Completed reload, in  0.887 seconds
Domain Reload Profiling:
	ReloadAssembly (888ms)
		BeginReloadAssembly (132ms)
			ExecutionOrderSort (0ms)
			DisableScriptedObjects (6ms)
			BackupInstance (0ms)
			ReleaseScriptingObjects (0ms)
			CreateAndSetChildDomain (35ms)
		EndReloadAssembly (661ms)
			LoadAssemblies (92ms)
			RebuildTransferFunctionScriptingTraits (0ms)
			SetupTypeCache (210ms)
			ReleaseScriptCaches (1ms)
			RebuildScriptCaches (39ms)
			SetupLoadedEditorAssemblies (293ms)
				LogAssemblyErrors (0ms)
				InitializePlatformSupportModulesInManaged (10ms)
				SetLoadedEditorAssemblies (0ms)
				RefreshPlugins (1ms)
				BeforeProcessingInitializeOnLoad (64ms)
				ProcessInitializeOnLoadAttributes (173ms)
				ProcessInitializeOnLoadMethodAttributes (38ms)
				AfterProcessingInitializeOnLoad (5ms)
				EditorAssembliesLoaded (0ms)
			ExecutionOrderSort2 (0ms)
			AwakeInstancesAfterBackupRestoration (8ms)
Platform modules already initialized, skipping
Refreshing native plugins compatible for Editor in 1.99 ms, found 4 plugins.
Preloading 0 native plugins for Editor in 0.00 ms.
Unloading 4071 Unused Serialized files (Serialized files now loaded: 0)
Unloading 38 unused Assets / (0.7 MB). Loaded Objects now: 4592.
Memory consumption went from 157.4 MB to 156.7 MB.
Total: 3.052700 ms (FindLiveObjects: 0.266800 ms CreateObjectMapping: 0.167400 ms MarkObjects: 2.371400 ms  DeleteObjects: 0.246500 ms)

AssetImportParameters requested are different than current active one (requested -> active):
  custom:video-decoder-ogg-theora: a1e56fd34408186e4bbccfd4996cb3dc -> 
  custom:container-muxer-webm: aa71ff27fc2769a1b78a27578f13a17b -> 
  custom:container-demuxer-webm: 4f35f7cbe854078d1ac9338744f61a02 -> 
  custom:video-encoder-webm-vp8: eb34c28f22e8b96e1ab97ce403110664 -> 
  custom:audio-encoder-webm-vorbis: bf7c407c2cedff20999df2af8eb42d56 -> 
  custom:framework-win-MediaFoundation: 216162199b28c13a410421893ffa2e32 -> 
  custom:container-demuxer-ogg: 62fdf1f143b41e24485cea50d1cbac27 -> 
  custom:video-decoder-webm-vp8: 9c59270c3fd7afecdb556c50c9e8de78 -> 
  custom:audio-decoder-ogg-vorbis: bf7c407c2cedff20999df2af8eb42d56 -> 
========================================================================
Received Prepare
Registering precompiled user dll's ...
Registered in 0.006284 seconds.
Begin MonoManager ReloadAssembly
Symbol file LoadedFromMemory doesn't match image D:\demo\CardGame\Library\PackageCache\com.unity.visualscripting@1.7.8\Editor\VisualScripting.Core\Dependencies\YamlDotNet\Unity.VisualScripting.YamlDotNet.dll
Symbol file LoadedFromMemory doesn't match image D:\demo\CardGame\Library\PackageCache\com.unity.visualscripting@1.7.8\Editor\VisualScripting.Core\Dependencies\DotNetZip\Unity.VisualScripting.IonicZip.dll
Native extension for WindowsStandalone target not found
Refreshing native plugins compatible for Editor in 0.82 ms, found 4 plugins.
Preloading 0 native plugins for Editor in 0.00 ms.
Mono: successfully reloaded assembly
- Completed reload, in  1.042 seconds
Domain Reload Profiling:
	ReloadAssembly (1043ms)
		BeginReloadAssembly (194ms)
			ExecutionOrderSort (0ms)
			DisableScriptedObjects (14ms)
			BackupInstance (0ms)
			ReleaseScriptingObjects (0ms)
			CreateAndSetChildDomain (83ms)
		EndReloadAssembly (759ms)
			LoadAssemblies (90ms)
			RebuildTransferFunctionScriptingTraits (0ms)
			SetupTypeCache (242ms)
			ReleaseScriptCaches (1ms)
			RebuildScriptCaches (49ms)
			SetupLoadedEditorAssemblies (342ms)
				LogAssemblyErrors (0ms)
				InitializePlatformSupportModulesInManaged (13ms)
				SetLoadedEditorAssemblies (1ms)
				RefreshPlugins (1ms)
				BeforeProcessingInitializeOnLoad (77ms)
				ProcessInitializeOnLoadAttributes (208ms)
				ProcessInitializeOnLoadMethodAttributes (38ms)
				AfterProcessingInitializeOnLoad (5ms)
				EditorAssembliesLoaded (0ms)
			ExecutionOrderSort2 (0ms)
			AwakeInstancesAfterBackupRestoration (8ms)
Platform modules already initialized, skipping
Refreshing native plugins compatible for Editor in 2.18 ms, found 4 plugins.
Preloading 0 native plugins for Editor in 0.00 ms.
Unloading 4071 Unused Serialized files (Serialized files now loaded: 0)
Unloading 38 unused Assets / (0.7 MB). Loaded Objects now: 4595.
Memory consumption went from 157.4 MB to 156.7 MB.
Total: 4.098800 ms (FindLiveObjects: 0.289200 ms CreateObjectMapping: 0.193800 ms MarkObjects: 3.270500 ms  DeleteObjects: 0.344400 ms)

AssetImportParameters requested are different than current active one (requested -> active):
  custom:video-decoder-ogg-theora: a1e56fd34408186e4bbccfd4996cb3dc -> 
  custom:container-muxer-webm: aa71ff27fc2769a1b78a27578f13a17b -> 
  custom:container-demuxer-webm: 4f35f7cbe854078d1ac9338744f61a02 -> 
  custom:video-encoder-webm-vp8: eb34c28f22e8b96e1ab97ce403110664 -> 
  custom:audio-encoder-webm-vorbis: bf7c407c2cedff20999df2af8eb42d56 -> 
  custom:framework-win-MediaFoundation: 216162199b28c13a410421893ffa2e32 -> 
  custom:container-demuxer-ogg: 62fdf1f143b41e24485cea50d1cbac27 -> 
  custom:video-decoder-webm-vp8: 9c59270c3fd7afecdb556c50c9e8de78 -> 
  custom:audio-decoder-ogg-vorbis: bf7c407c2cedff20999df2af8eb42d56 -> 
========================================================================
Received Prepare
Registering precompiled user dll's ...
Registered in 0.006045 seconds.
Begin MonoManager ReloadAssembly
Symbol file LoadedFromMemory doesn't match image D:\demo\CardGame\Library\PackageCache\com.unity.visualscripting@1.7.8\Editor\VisualScripting.Core\Dependencies\YamlDotNet\Unity.VisualScripting.YamlDotNet.dll
Symbol file LoadedFromMemory doesn't match image D:\demo\CardGame\Library\PackageCache\com.unity.visualscripting@1.7.8\Editor\VisualScripting.Core\Dependencies\DotNetZip\Unity.VisualScripting.IonicZip.dll
Native extension for WindowsStandalone target not found
Refreshing native plugins compatible for Editor in 0.90 ms, found 4 plugins.
Preloading 0 native plugins for Editor in 0.00 ms.
Mono: successfully reloaded assembly
- Completed reload, in  1.473 seconds
Domain Reload Profiling:
	ReloadAssembly (1475ms)
		BeginReloadAssembly (226ms)
			ExecutionOrderSort (0ms)
			DisableScriptedObjects (8ms)
			BackupInstance (0ms)
			ReleaseScriptingObjects (0ms)
			CreateAndSetChildDomain (63ms)
		EndReloadAssembly (1131ms)
			LoadAssemblies (159ms)
			RebuildTransferFunctionScriptingTraits (0ms)
			SetupTypeCache (627ms)
			ReleaseScriptCaches (2ms)
			RebuildScriptCaches (49ms)
			SetupLoadedEditorAssemblies (320ms)
				LogAssemblyErrors (0ms)
				InitializePlatformSupportModulesInManaged (12ms)
				SetLoadedEditorAssemblies (0ms)
				RefreshPlugins (1ms)
				BeforeProcessingInitializeOnLoad (76ms)
				ProcessInitializeOnLoadAttributes (186ms)
				ProcessInitializeOnLoadMethodAttributes (35ms)
				AfterProcessingInitializeOnLoad (8ms)
				EditorAssembliesLoaded (0ms)
			ExecutionOrderSort2 (0ms)
			AwakeInstancesAfterBackupRestoration (8ms)
Platform modules already initialized, skipping
