Using pre-set license
Built from '2021.3/staging' branch; Version is '2021.3.10f1 (1c7d0df0160b) revision 1867021'; Using compiler version '192829333'; Build Type 'Release'
OS: 'Windows 10  (10.0.19044) 64bit Professional' Language: 'zh' Physical Memory: 16297 MB
BatchMode: 1, IsHumanControllingUs: 0, StartBugReporterOnCrash: 0, Is64bit: 1, IsPro: 1

COMMAND LINE ARGUMENTS:
D:\unity\Unity 2021.3.10f1\Editor\Unity.exe
-adb2
-batchMode
-noUpm
-name
AssetImportWorker1
-projectPath
D:/demo/CardGame
-logFile
Logs/AssetImportWorker1.log
-srvPort
56665
Successfully changed project path to: D:/demo/CardGame
D:/demo/CardGame
[UnityMemory] Configuration Parameters - Can be set up in boot.config
    "memorysetup-bucket-allocator-granularity=16"
    "memorysetup-bucket-allocator-bucket-count=8"
    "memorysetup-bucket-allocator-block-size=33554432"
    "memorysetup-bucket-allocator-block-count=8"
    "memorysetup-main-allocator-block-size=16777216"
    "memorysetup-thread-allocator-block-size=16777216"
    "memorysetup-gfx-main-allocator-block-size=16777216"
    "memorysetup-gfx-thread-allocator-block-size=16777216"
    "memorysetup-cache-allocator-block-size=4194304"
    "memorysetup-typetree-allocator-block-size=2097152"
    "memorysetup-profiler-bucket-allocator-granularity=16"
    "memorysetup-profiler-bucket-allocator-bucket-count=8"
    "memorysetup-profiler-bucket-allocator-block-size=33554432"
    "memorysetup-profiler-bucket-allocator-block-count=8"
    "memorysetup-profiler-allocator-block-size=16777216"
    "memorysetup-profiler-editor-allocator-block-size=1048576"
    "memorysetup-temp-allocator-size-main=16777216"
    "memorysetup-job-temp-allocator-block-size=2097152"
    "memorysetup-job-temp-allocator-block-size-background=1048576"
    "memorysetup-job-temp-allocator-reduction-small-platforms=262144"
    "memorysetup-temp-allocator-size-background-worker=32768"
    "memorysetup-temp-allocator-size-job-worker=262144"
    "memorysetup-temp-allocator-size-preload-manager=33554432"
    "memorysetup-temp-allocator-size-nav-mesh-worker=65536"
    "memorysetup-temp-allocator-size-audio-worker=65536"
    "memorysetup-temp-allocator-size-cloud-worker=32768"
    "memorysetup-temp-allocator-size-gi-baking-worker=262144"
    "memorysetup-temp-allocator-size-gfx=262144"
Refreshing native plugins compatible for Editor in 95.23 ms, found 4 plugins.
Preloading 0 native plugins for Editor in 0.00 ms.
Initialize engine version: 2021.3.10f1 (1c7d0df0160b)
[Subsystems] Discovering subsystems at path D:/unity/Unity 2021.3.10f1/Editor/Data/Resources/UnitySubsystems
[Subsystems] Discovering subsystems at path D:/demo/CardGame/Assets
GfxDevice: creating device client; threaded=0; jobified=0
Direct3D:
    Version:  Direct3D 11.0 [level 11.1]
    Renderer: NVIDIA GeForce GTX 1660 (ID=0x2184)
    Vendor:   NVIDIA
    VRAM:     5991 MB
    Driver:   31.0.15.1694
Initialize mono
Mono path[0] = 'D:/unity/Unity 2021.3.10f1/Editor/Data/Managed'
Mono path[1] = 'D:/unity/Unity 2021.3.10f1/Editor/Data/MonoBleedingEdge/lib/mono/unityjit-win32'
Mono config path = 'D:/unity/Unity 2021.3.10f1/Editor/Data/MonoBleedingEdge/etc'
Using monoOptions --debugger-agent=transport=dt_socket,embedding=1,server=y,suspend=n,address=127.0.0.1:56060
Begin MonoManager ReloadAssembly
Registering precompiled unity dll's ...
Register platform support module: D:/unity/Unity 2021.3.10f1/Editor/Data/PlaybackEngines/WindowsStandaloneSupport/UnityEditor.WindowsStandalone.Extensions.dll
Registered in 0.004734 seconds.
Native extension for WindowsStandalone target not found
Refreshing native plugins compatible for Editor in 89.42 ms, found 4 plugins.
Preloading 0 native plugins for Editor in 0.00 ms.
Mono: successfully reloaded assembly
- Completed reload, in  0.599 seconds
Domain Reload Profiling:
	ReloadAssembly (599ms)
		BeginReloadAssembly (72ms)
			ExecutionOrderSort (0ms)
			DisableScriptedObjects (0ms)
			BackupInstance (0ms)
			ReleaseScriptingObjects (0ms)
			CreateAndSetChildDomain (1ms)
		EndReloadAssembly (423ms)
			LoadAssemblies (69ms)
			RebuildTransferFunctionScriptingTraits (0ms)
			SetupTypeCache (101ms)
			ReleaseScriptCaches (0ms)
			RebuildScriptCaches (26ms)
			SetupLoadedEditorAssemblies (251ms)
				LogAssemblyErrors (0ms)
				InitializePlatformSupportModulesInManaged (6ms)
				SetLoadedEditorAssemblies (0ms)
				RefreshPlugins (89ms)
				BeforeProcessingInitializeOnLoad (1ms)
				ProcessInitializeOnLoadAttributes (111ms)
				ProcessInitializeOnLoadMethodAttributes (44ms)
				AfterProcessingInitializeOnLoad (0ms)
				EditorAssembliesLoaded (0ms)
			ExecutionOrderSort2 (0ms)
			AwakeInstancesAfterBackupRestoration (0ms)
Platform modules already initialized, skipping
Registering precompiled user dll's ...
Registered in 0.007966 seconds.
Begin MonoManager ReloadAssembly
Symbol file LoadedFromMemory doesn't match image D:\demo\CardGame\Library\PackageCache\com.unity.visualscripting@1.7.8\Editor\VisualScripting.Core\Dependencies\YamlDotNet\Unity.VisualScripting.YamlDotNet.dll
Symbol file LoadedFromMemory doesn't match image D:\demo\CardGame\Library\PackageCache\com.unity.visualscripting@1.7.8\Editor\VisualScripting.Core\Dependencies\DotNetZip\Unity.VisualScripting.IonicZip.dll
Native extension for WindowsStandalone target not found
Refreshing native plugins compatible for Editor in 82.61 ms, found 4 plugins.
Preloading 0 native plugins for Editor in 0.00 ms.
Mono: successfully reloaded assembly
- Completed reload, in  1.105 seconds
Domain Reload Profiling:
	ReloadAssembly (1106ms)
		BeginReloadAssembly (114ms)
			ExecutionOrderSort (0ms)
			DisableScriptedObjects (5ms)
			BackupInstance (0ms)
			ReleaseScriptingObjects (0ms)
			CreateAndSetChildDomain (21ms)
		EndReloadAssembly (884ms)
			LoadAssemblies (95ms)
			RebuildTransferFunctionScriptingTraits (0ms)
			SetupTypeCache (247ms)
			ReleaseScriptCaches (1ms)
			RebuildScriptCaches (62ms)
			SetupLoadedEditorAssemblies (446ms)
				LogAssemblyErrors (0ms)
				InitializePlatformSupportModulesInManaged (3ms)
				SetLoadedEditorAssemblies (0ms)
				RefreshPlugins (83ms)
				BeforeProcessingInitializeOnLoad (89ms)
				ProcessInitializeOnLoadAttributes (219ms)
				ProcessInitializeOnLoadMethodAttributes (47ms)
				AfterProcessingInitializeOnLoad (5ms)
				EditorAssembliesLoaded (0ms)
			ExecutionOrderSort2 (0ms)
			AwakeInstancesAfterBackupRestoration (6ms)
Platform modules already initialized, skipping
========================================================================
Worker process is ready to serve import requests
Launched and connected shader compiler UnityShaderCompiler.exe after 0.05 seconds
Refreshing native plugins compatible for Editor in 1.21 ms, found 4 plugins.
Preloading 0 native plugins for Editor in 0.00 ms.
Unloading 4068 Unused Serialized files (Serialized files now loaded: 0)
Unloading 38 unused Assets / (56.4 KB). Loaded Objects now: 4524.
Memory consumption went from 151.2 MB to 151.2 MB.
Total: 4.232100 ms (FindLiveObjects: 0.333700 ms CreateObjectMapping: 0.269500 ms MarkObjects: 3.519500 ms  DeleteObjects: 0.108500 ms)

AssetImportParameters requested are different than current active one (requested -> active):
  custom:video-decoder-ogg-theora: a1e56fd34408186e4bbccfd4996cb3dc -> 
  custom:container-muxer-webm: aa71ff27fc2769a1b78a27578f13a17b -> 
  custom:container-demuxer-webm: 4f35f7cbe854078d1ac9338744f61a02 -> 
  custom:video-encoder-webm-vp8: eb34c28f22e8b96e1ab97ce403110664 -> 
  custom:audio-encoder-webm-vorbis: bf7c407c2cedff20999df2af8eb42d56 -> 
  custom:framework-win-MediaFoundation: 216162199b28c13a410421893ffa2e32 -> 
  custom:container-demuxer-ogg: 62fdf1f143b41e24485cea50d1cbac27 -> 
  custom:video-decoder-webm-vp8: 9c59270c3fd7afecdb556c50c9e8de78 -> 
  custom:audio-decoder-ogg-vorbis: bf7c407c2cedff20999df2af8eb42d56 -> 
========================================================================
Received Import Request.
  Time since last request: 253863.389965 seconds.
  path: Assets/Raw and SpriteSheets/Black2x.png
  artifactKey: Guid(13e8ba67342044f4590ac6cd9dc47aa5) Importer(815301076,1909f56bfc062723c751e8b465ee728b)
Start importing Assets/Raw and SpriteSheets/Black2x.png using Guid(13e8ba67342044f4590ac6cd9dc47aa5) Importer(815301076,1909f56bfc062723c751e8b465ee728b)  -> (artifact id: '45fd30f7cb6068f940c4a2be4e8d8320') in 0.200924 seconds 
========================================================================
Received Import Request.
  Time since last request: 0.000020 seconds.
  path: Assets/Raw and SpriteSheets/Black1x.png
  artifactKey: Guid(40894da363e22b840b4612dbca902868) Importer(815301076,1909f56bfc062723c751e8b465ee728b)
Start importing Assets/Raw and SpriteSheets/Black1x.png using Guid(40894da363e22b840b4612dbca902868) Importer(815301076,1909f56bfc062723c751e8b465ee728b)  -> (artifact id: 'a28bc0d666f037d0ea7652e896e47305') in 0.033661 seconds 
========================================================================
Received Import Request.
  Time since last request: 393.388695 seconds.
  path: Assets/UI Elements/White/1x/BUtton 1.png
  artifactKey: Guid(c33c6ae4ffbbdc8439f47c9811ec4064) Importer(815301076,1909f56bfc062723c751e8b465ee728b)
Start importing Assets/UI Elements/White/1x/BUtton 1.png using Guid(c33c6ae4ffbbdc8439f47c9811ec4064) Importer(815301076,1909f56bfc062723c751e8b465ee728b)  -> (artifact id: 'a5b74d5d47068edf35624467fa50b54a') in 0.024498 seconds 
========================================================================
Received Import Request.
  Time since last request: 0.000028 seconds.
  path: Assets/UI Elements/White/1x/unlock.png
  artifactKey: Guid(9dde89aa890342541a7eab6fe3af8187) Importer(815301076,1909f56bfc062723c751e8b465ee728b)
Start importing Assets/UI Elements/White/1x/unlock.png using Guid(9dde89aa890342541a7eab6fe3af8187) Importer(815301076,1909f56bfc062723c751e8b465ee728b)  -> (artifact id: '305037087d931b3d9c7ec37dc3bb692d') in 0.020467 seconds 
========================================================================
Received Import Request.
  Time since last request: 0.000021 seconds.
  path: Assets/UI Elements/White/1x/gamepad2.png
  artifactKey: Guid(5554ca8c7be720f418a6615961c299a3) Importer(815301076,1909f56bfc062723c751e8b465ee728b)
Start importing Assets/UI Elements/White/1x/gamepad2.png using Guid(5554ca8c7be720f418a6615961c299a3) Importer(815301076,1909f56bfc062723c751e8b465ee728b)  -> (artifact id: '6728c25e57797d13ea7865dcf68237bf') in 0.019333 seconds 
========================================================================
Received Import Request.
  Time since last request: 0.000017 seconds.
  path: Assets/UI Elements/White/1x/cross.png
  artifactKey: Guid(321d8291ab2c6cb4b81d3dda37a91ef6) Importer(815301076,1909f56bfc062723c751e8b465ee728b)
Start importing Assets/UI Elements/White/1x/cross.png using Guid(321d8291ab2c6cb4b81d3dda37a91ef6) Importer(815301076,1909f56bfc062723c751e8b465ee728b)  -> (artifact id: 'e6aa7ba5e00f554ad446779235b7eb0d') in 0.018027 seconds 
========================================================================
Received Import Request.
  Time since last request: 0.000018 seconds.
  path: Assets/UI Elements/White/1x/stop.png
  artifactKey: Guid(8c85c1dc629ff204fbfcca59471b5123) Importer(815301076,1909f56bfc062723c751e8b465ee728b)
Start importing Assets/UI Elements/White/1x/stop.png using Guid(8c85c1dc629ff204fbfcca59471b5123) Importer(815301076,1909f56bfc062723c751e8b465ee728b)  -> (artifact id: '83f5592e84abfb6c9acc95af184f45ef') in 0.016752 seconds 
========================================================================
Received Import Request.
  Time since last request: 0.000018 seconds.
  path: Assets/UI Elements/White/1x/south-west arrow.png
  artifactKey: Guid(836cc840e5e199640b27fd4c8b01701c) Importer(815301076,1909f56bfc062723c751e8b465ee728b)
Start importing Assets/UI Elements/White/1x/south-west arrow.png using Guid(836cc840e5e199640b27fd4c8b01701c) Importer(815301076,1909f56bfc062723c751e8b465ee728b)  -> (artifact id: '6f0d0a26700e8154a47101a5e1899da8') in 0.017895 seconds 
========================================================================
Received Import Request.
  Time since last request: 0.000016 seconds.
  path: Assets/UI Elements/White/1x/forward.png
  artifactKey: Guid(344fe81eb5885dc49a97989fab66c16e) Importer(815301076,1909f56bfc062723c751e8b465ee728b)
Start importing Assets/UI Elements/White/1x/forward.png using Guid(344fe81eb5885dc49a97989fab66c16e) Importer(815301076,1909f56bfc062723c751e8b465ee728b)  -> (artifact id: '8a69d3f26dc4d7c89da6b733447d1653') in 0.017832 seconds 
========================================================================
Received Import Request.
  Time since last request: 0.000019 seconds.
  path: Assets/UI Elements/White/1x/mic on.png
  artifactKey: Guid(5e5ec5776ed884446a324f33e0242961) Importer(815301076,1909f56bfc062723c751e8b465ee728b)
Start importing Assets/UI Elements/White/1x/mic on.png using Guid(5e5ec5776ed884446a324f33e0242961) Importer(815301076,1909f56bfc062723c751e8b465ee728b)  -> (artifact id: '27bf3c0aefd6e0bf7aae4dbdcbd381bb') in 0.018953 seconds 
========================================================================
Received Import Request.
  Time since last request: 0.000018 seconds.
  path: Assets/UI Elements/White/1x/hamburger icon.png
  artifactKey: Guid(df72830c7382d8e409c201f036f958ce) Importer(815301076,1909f56bfc062723c751e8b465ee728b)
Start importing Assets/UI Elements/White/1x/hamburger icon.png using Guid(df72830c7382d8e409c201f036f958ce) Importer(815301076,1909f56bfc062723c751e8b465ee728b)  -> (artifact id: '9d47e944e36e4a5e469abf52c97a7968') in 0.015562 seconds 
========================================================================
Received Import Request.
  Time since last request: 0.000034 seconds.
  path: Assets/UI Elements/White/1x/mic off.png
  artifactKey: Guid(27671c81aaafeea4a9f2bde0d18ddf92) Importer(815301076,1909f56bfc062723c751e8b465ee728b)
Start importing Assets/UI Elements/White/1x/mic off.png using Guid(27671c81aaafeea4a9f2bde0d18ddf92) Importer(815301076,1909f56bfc062723c751e8b465ee728b)  -> (artifact id: '7c3f728c1691ff7b6496029d14ad228b') in 0.016745 seconds 
========================================================================
Received Import Request.
  Time since last request: 0.000016 seconds.
  path: Assets/UI Elements/White/1x/menu1.png
  artifactKey: Guid(ba0998b69bda33642b0aeccfb88745ef) Importer(815301076,1909f56bfc062723c751e8b465ee728b)
Start importing Assets/UI Elements/White/1x/menu1.png using Guid(ba0998b69bda33642b0aeccfb88745ef) Importer(815301076,1909f56bfc062723c751e8b465ee728b)  -> (artifact id: 'cb641ce6d56eab9ce8535a08efc649da') in 0.019491 seconds 
========================================================================
Received Import Request.
  Time since last request: 0.000018 seconds.
  path: Assets/UI Elements/White/1x/lock.png
  artifactKey: Guid(8714e2d47c8e4ca48adda165fee501f1) Importer(815301076,1909f56bfc062723c751e8b465ee728b)
Start importing Assets/UI Elements/White/1x/lock.png using Guid(8714e2d47c8e4ca48adda165fee501f1) Importer(815301076,1909f56bfc062723c751e8b465ee728b)  -> (artifact id: '2490e1278ba326f8c525738be53dba23') in 0.017785 seconds 
========================================================================
Received Import Request.
  Time since last request: 0.000020 seconds.
  path: Assets/UI Elements/White/1x/up arrow.png
  artifactKey: Guid(c356d10b4a98a33448a9da4bb7bc4990) Importer(815301076,1909f56bfc062723c751e8b465ee728b)
Start importing Assets/UI Elements/White/1x/up arrow.png using Guid(c356d10b4a98a33448a9da4bb7bc4990) Importer(815301076,1909f56bfc062723c751e8b465ee728b)  -> (artifact id: '567cd75802207035f4352b0702110a0c') in 0.019147 seconds 
========================================================================
Received Import Request.
  Time since last request: 0.000022 seconds.
  path: Assets/UI Elements/White/1x/exit left.png
  artifactKey: Guid(7c62fee6fc0b36546a0dd0dfa8e9d55a) Importer(815301076,1909f56bfc062723c751e8b465ee728b)
Start importing Assets/UI Elements/White/1x/exit left.png using Guid(7c62fee6fc0b36546a0dd0dfa8e9d55a) Importer(815301076,1909f56bfc062723c751e8b465ee728b)  -> (artifact id: 'd44a6744a86612feb9a0ef406d6eb355') in 0.019660 seconds 
========================================================================
Received Import Request.
  Time since last request: 0.000021 seconds.
  path: Assets/UI Elements/White/1x/sign1.png
  artifactKey: Guid(ca18070b4f83798478d5f9270d697d09) Importer(815301076,1909f56bfc062723c751e8b465ee728b)
Start importing Assets/UI Elements/White/1x/sign1.png using Guid(ca18070b4f83798478d5f9270d697d09) Importer(815301076,1909f56bfc062723c751e8b465ee728b)  -> (artifact id: '6c9bf5c0ac3dc3b57052d5caeb399a0c') in 0.019553 seconds 
========================================================================
Received Import Request.
  Time since last request: 0.000021 seconds.
  path: Assets/UI Elements/White/1x/star.png
  artifactKey: Guid(929b54ef59aaeba4a9807a6ef928457b) Importer(815301076,1909f56bfc062723c751e8b465ee728b)
Start importing Assets/UI Elements/White/1x/star.png using Guid(929b54ef59aaeba4a9807a6ef928457b) Importer(815301076,1909f56bfc062723c751e8b465ee728b)  -> (artifact id: '00b3731dbe102f2f643d037cb6f2ad63') in 0.019669 seconds 
========================================================================
Received Import Request.
  Time since last request: 0.000017 seconds.
  path: Assets/UI Elements/White/1x/home.png
  artifactKey: Guid(dc4bc33d52db40c42bcafbcf6d63ca8a) Importer(815301076,1909f56bfc062723c751e8b465ee728b)
Start importing Assets/UI Elements/White/1x/home.png using Guid(dc4bc33d52db40c42bcafbcf6d63ca8a) Importer(815301076,1909f56bfc062723c751e8b465ee728b)  -> (artifact id: '0b58b6fa59f4d5f484d0dd467396c55e') in 0.018953 seconds 
========================================================================
Received Import Request.
  Time since last request: 0.000034 seconds.
  path: Assets/UI Elements/White/1x/Leaderboard.png
  artifactKey: Guid(d72623ff7003bb7458128bc5b8be00b6) Importer(815301076,1909f56bfc062723c751e8b465ee728b)
Start importing Assets/UI Elements/White/1x/Leaderboard.png using Guid(d72623ff7003bb7458128bc5b8be00b6) Importer(815301076,1909f56bfc062723c751e8b465ee728b)  -> (artifact id: 'fc28eaa15319b5d83f4788730a7c5970') in 0.017554 seconds 
========================================================================
Received Import Request.
  Time since last request: 0.000027 seconds.
  path: Assets/UI Elements/White/1x/left.png
  artifactKey: Guid(fb4fddf2c378ae647ae205d38ba835b9) Importer(815301076,1909f56bfc062723c751e8b465ee728b)
Start importing Assets/UI Elements/White/1x/left.png using Guid(fb4fddf2c378ae647ae205d38ba835b9) Importer(815301076,1909f56bfc062723c751e8b465ee728b)  -> (artifact id: '85e762b42cf3c9c2b181e866fc0a5969') in 0.016676 seconds 
========================================================================
Received Import Request.
  Time since last request: 0.000018 seconds.
  path: Assets/UI Elements/White/1x/info.png
  artifactKey: Guid(953e21da8e9ad1f4c9df15470e4856d2) Importer(815301076,1909f56bfc062723c751e8b465ee728b)
Start importing Assets/UI Elements/White/1x/info.png using Guid(953e21da8e9ad1f4c9df15470e4856d2) Importer(815301076,1909f56bfc062723c751e8b465ee728b)  -> (artifact id: '4769a9092462feb81006baf57537e10d') in 0.017681 seconds 
========================================================================
Received Import Request.
  Time since last request: 0.000016 seconds.
  path: Assets/UI Elements/White/1x/BUtton A.png
  artifactKey: Guid(f17215db0638a0944ae774ad4f93932c) Importer(815301076,1909f56bfc062723c751e8b465ee728b)
Start importing Assets/UI Elements/White/1x/BUtton A.png using Guid(f17215db0638a0944ae774ad4f93932c) Importer(815301076,1909f56bfc062723c751e8b465ee728b)  -> (artifact id: '6f6d807debf6ec1be5d2eafd980f9331') in 0.020988 seconds 
========================================================================
Received Import Request.
  Time since last request: 0.000019 seconds.
  path: Assets/UI Elements/White/1x/right arrow.png
  artifactKey: Guid(fe6e0fd0ac93828439541c5caafa41b5) Importer(815301076,1909f56bfc062723c751e8b465ee728b)
Start importing Assets/UI Elements/White/1x/right arrow.png using Guid(fe6e0fd0ac93828439541c5caafa41b5) Importer(815301076,1909f56bfc062723c751e8b465ee728b)  -> (artifact id: 'c4d023a829298e874d57d186d5fd56f9') in 0.018028 seconds 
========================================================================
Received Import Request.
  Time since last request: 0.000021 seconds.
  path: Assets/UI Elements/White/1x/noet-west arrow.png
  artifactKey: Guid(780e6142b43458e429a524d6d0a9b6d2) Importer(815301076,1909f56bfc062723c751e8b465ee728b)
Start importing Assets/UI Elements/White/1x/noet-west arrow.png using Guid(780e6142b43458e429a524d6d0a9b6d2) Importer(815301076,1909f56bfc062723c751e8b465ee728b)  -> (artifact id: '2b4843f4245f111b9a53281256a66622') in 0.019136 seconds 
========================================================================
Received Import Request.
  Time since last request: 0.000018 seconds.
  path: Assets/UI Elements/White/1x/down.png
  artifactKey: Guid(156f9a19ef4181a49aff23aa6981effe) Importer(815301076,1909f56bfc062723c751e8b465ee728b)
Start importing Assets/UI Elements/White/1x/down.png using Guid(156f9a19ef4181a49aff23aa6981effe) Importer(815301076,1909f56bfc062723c751e8b465ee728b)  -> (artifact id: '91a98df88d35c7ee659b22163e179509') in 0.016545 seconds 
========================================================================
Received Import Request.
  Time since last request: 3.960084 seconds.
  path: Assets/UI Elements/White/2x/Button 1.png
  artifactKey: Guid(5889f3968634a8542a9d9b69ab53de31) Importer(815301076,1909f56bfc062723c751e8b465ee728b)
Start importing Assets/UI Elements/White/2x/Button 1.png using Guid(5889f3968634a8542a9d9b69ab53de31) Importer(815301076,1909f56bfc062723c751e8b465ee728b)  -> (artifact id: 'c151ce04e7ec9760375db352ffa8cfb3') in 0.022534 seconds 
========================================================================
Received Import Request.
  Time since last request: 0.000023 seconds.
  path: Assets/UI Elements/White/2x/south-west arrow.png
  artifactKey: Guid(e20340ac73587864ab34d78294bc0bfa) Importer(815301076,1909f56bfc062723c751e8b465ee728b)
Start importing Assets/UI Elements/White/2x/south-west arrow.png using Guid(e20340ac73587864ab34d78294bc0bfa) Importer(815301076,1909f56bfc062723c751e8b465ee728b)  -> (artifact id: '686fc561c142aebca1e76b2ad0d96fef') in 0.023511 seconds 
========================================================================
Received Import Request.
  Time since last request: 0.000025 seconds.
  path: Assets/UI Elements/White/2x/hamburger icon.png
  artifactKey: Guid(e4087c1d315eaf04394c8ae915a7eef6) Importer(815301076,1909f56bfc062723c751e8b465ee728b)
Start importing Assets/UI Elements/White/2x/hamburger icon.png using Guid(e4087c1d315eaf04394c8ae915a7eef6) Importer(815301076,1909f56bfc062723c751e8b465ee728b)  -> (artifact id: '507f5c57f8bb321620cca455033ee485') in 0.019358 seconds 
========================================================================
Received Import Request.
  Time since last request: 0.000028 seconds.
  path: Assets/UI Elements/White/2x/right exit.png
  artifactKey: Guid(cea396d6cd530524d9ba0ca67ace27f3) Importer(815301076,1909f56bfc062723c751e8b465ee728b)
Start importing Assets/UI Elements/White/2x/right exit.png using Guid(cea396d6cd530524d9ba0ca67ace27f3) Importer(815301076,1909f56bfc062723c751e8b465ee728b)  -> (artifact id: 'ca87164391b4c35379f5c28f0eb0bff5') in 0.023866 seconds 
========================================================================
Received Import Request.
  Time since last request: 0.000019 seconds.
  path: Assets/UI Elements/White/2x/camera.png
  artifactKey: Guid(6e25e74d93f2a85458c20d2e7958b0a7) Importer(815301076,1909f56bfc062723c751e8b465ee728b)
Start importing Assets/UI Elements/White/2x/camera.png using Guid(6e25e74d93f2a85458c20d2e7958b0a7) Importer(815301076,1909f56bfc062723c751e8b465ee728b)  -> (artifact id: 'bf60077cde074c7cd843142740eb5548') in 0.022713 seconds 
========================================================================
Received Import Request.
  Time since last request: 0.000025 seconds.
  path: Assets/UI Elements/White/2x/north-west arrow.png
  artifactKey: Guid(4a689ccf98ca4004ca5ea5857a3ee932) Importer(815301076,1909f56bfc062723c751e8b465ee728b)
Start importing Assets/UI Elements/White/2x/north-west arrow.png using Guid(4a689ccf98ca4004ca5ea5857a3ee932) Importer(815301076,1909f56bfc062723c751e8b465ee728b)  -> (artifact id: '0685e4d90da6c58f063efd752ca955a4') in 0.026786 seconds 
========================================================================
Received Import Request.
  Time since last request: 0.000022 seconds.
  path: Assets/UI Elements/White/2x/Button C.png
  artifactKey: Guid(351d1172e9567a64aa38c7890a1c3d98) Importer(815301076,1909f56bfc062723c751e8b465ee728b)
Start importing Assets/UI Elements/White/2x/Button C.png using Guid(351d1172e9567a64aa38c7890a1c3d98) Importer(815301076,1909f56bfc062723c751e8b465ee728b)  -> (artifact id: '40e14dda60fa2fce8c8838213722d803') in 0.023421 seconds 
========================================================================
Received Import Request.
  Time since last request: 0.000019 seconds.
  path: Assets/UI Elements/White/2x/left arrow.png
  artifactKey: Guid(43e9e9534dbced44d8adc26fb27a07c2) Importer(815301076,1909f56bfc062723c751e8b465ee728b)
Start importing Assets/UI Elements/White/2x/left arrow.png using Guid(43e9e9534dbced44d8adc26fb27a07c2) Importer(815301076,1909f56bfc062723c751e8b465ee728b)  -> (artifact id: '9b0021e56fbf359fb63157154f385414') in 0.021615 seconds 
========================================================================
Received Import Request.
  Time since last request: 0.000031 seconds.
  path: Assets/UI Elements/White/2x/cross.png
  artifactKey: Guid(ba819174422bfeb4bac57853e95cc8d2) Importer(815301076,1909f56bfc062723c751e8b465ee728b)
Start importing Assets/UI Elements/White/2x/cross.png using Guid(ba819174422bfeb4bac57853e95cc8d2) Importer(815301076,1909f56bfc062723c751e8b465ee728b)  -> (artifact id: '67b8b443283907f715dbcf2c831b4e56') in 0.022228 seconds 
========================================================================
Received Import Request.
  Time since last request: 0.000037 seconds.
  path: Assets/UI Elements/White/2x/left exit.png
  artifactKey: Guid(57648d64ce9e1604db37d0cd624c2346) Importer(815301076,1909f56bfc062723c751e8b465ee728b)
Start importing Assets/UI Elements/White/2x/left exit.png using Guid(57648d64ce9e1604db37d0cd624c2346) Importer(815301076,1909f56bfc062723c751e8b465ee728b)  -> (artifact id: 'a00b65fcd37abfa2ee968388450df135') in 0.021087 seconds 
========================================================================
Received Import Request.
  Time since last request: 0.000041 seconds.
  path: Assets/UI Elements/White/2x/Button A.png
  artifactKey: Guid(575f0768799e8504a929d65ae3bc2c28) Importer(815301076,1909f56bfc062723c751e8b465ee728b)
Start importing Assets/UI Elements/White/2x/Button A.png using Guid(575f0768799e8504a929d65ae3bc2c28) Importer(815301076,1909f56bfc062723c751e8b465ee728b)  -> (artifact id: '412b9c72e13e2df41f0cab79d5c1ec90') in 0.026184 seconds 
========================================================================
Received Import Request.
  Time since last request: 0.000029 seconds.
  path: Assets/UI Elements/White/2x/share.png
  artifactKey: Guid(5ecb3acb3d2847f4b8e949b0b4f872e2) Importer(815301076,1909f56bfc062723c751e8b465ee728b)
Start importing Assets/UI Elements/White/2x/share.png using Guid(5ecb3acb3d2847f4b8e949b0b4f872e2) Importer(815301076,1909f56bfc062723c751e8b465ee728b)  -> (artifact id: 'e2c48dfe4df0cb227e70b7e3f52093c0') in 0.023780 seconds 
========================================================================
Received Import Request.
  Time since last request: 0.000029 seconds.
  path: Assets/UI Elements/White/2x/menu2.png
  artifactKey: Guid(3bad5fd713d2d0642855514472e08c80) Importer(815301076,1909f56bfc062723c751e8b465ee728b)
Start importing Assets/UI Elements/White/2x/menu2.png using Guid(3bad5fd713d2d0642855514472e08c80) Importer(815301076,1909f56bfc062723c751e8b465ee728b)  -> (artifact id: 'a0eb6794aa9978b9015b5e8390dfa9e9') in 0.023981 seconds 
========================================================================
Received Import Request.
  Time since last request: 0.000022 seconds.
  path: Assets/UI Elements/White/2x/yes-tic.png
  artifactKey: Guid(54170754f62f077438faab9a4362bc46) Importer(815301076,1909f56bfc062723c751e8b465ee728b)
Start importing Assets/UI Elements/White/2x/yes-tic.png using Guid(54170754f62f077438faab9a4362bc46) Importer(815301076,1909f56bfc062723c751e8b465ee728b)  -> (artifact id: '1a38abe5d840d00f8a1d52aa7a6eabb2') in 0.025343 seconds 
========================================================================
Received Import Request.
  Time since last request: 0.000019 seconds.
  path: Assets/UI Elements/White/2x/video.png
  artifactKey: Guid(0a58ee60e05b787438eda215831692b9) Importer(815301076,1909f56bfc062723c751e8b465ee728b)
Start importing Assets/UI Elements/White/2x/video.png using Guid(0a58ee60e05b787438eda215831692b9) Importer(815301076,1909f56bfc062723c751e8b465ee728b)  -> (artifact id: 'd52f1e11e00b2f52a4cbe08dde6197a8') in 0.026717 seconds 
========================================================================
Received Import Request.
  Time since last request: 0.000030 seconds.
  path: Assets/UI Elements/White/2x/Button 3.png
  artifactKey: Guid(ec02013256c3e0c40b06d46162f1108a) Importer(815301076,1909f56bfc062723c751e8b465ee728b)
Start importing Assets/UI Elements/White/2x/Button 3.png using Guid(ec02013256c3e0c40b06d46162f1108a) Importer(815301076,1909f56bfc062723c751e8b465ee728b)  -> (artifact id: '2072651bd8b896b6c573deec83318965') in 0.020152 seconds 
========================================================================
Received Import Request.
  Time since last request: 0.000029 seconds.
  path: Assets/UI Elements/White/2x/mic off.png
  artifactKey: Guid(521a762d11c6bad42ac3d97f1a735416) Importer(815301076,1909f56bfc062723c751e8b465ee728b)
Start importing Assets/UI Elements/White/2x/mic off.png using Guid(521a762d11c6bad42ac3d97f1a735416) Importer(815301076,1909f56bfc062723c751e8b465ee728b)  -> (artifact id: '7cba97186f9b73012912416556345444') in 0.020496 seconds 
========================================================================
Received Import Request.
  Time since last request: 10.919153 seconds.
  path: Assets/UI Elements/Extras/Rects/rect4pxRy8.png
  artifactKey: Guid(90727ef1e5c911a4ebb89c62265b4dd6) Importer(815301076,1909f56bfc062723c751e8b465ee728b)
Start importing Assets/UI Elements/Extras/Rects/rect4pxRy8.png using Guid(90727ef1e5c911a4ebb89c62265b4dd6) Importer(815301076,1909f56bfc062723c751e8b465ee728b)  -> (artifact id: '5cd3da026041133aafec165f20fd0631') in 0.021629 seconds 
========================================================================
Received Import Request.
  Time since last request: 0.000025 seconds.
  path: Assets/UI Elements/Extras/Rects/roundRect2px.png
  artifactKey: Guid(9a9f6b9d76e06054e8dd89bf95d08a0e) Importer(815301076,1909f56bfc062723c751e8b465ee728b)
Start importing Assets/UI Elements/Extras/Rects/roundRect2px.png using Guid(9a9f6b9d76e06054e8dd89bf95d08a0e) Importer(815301076,1909f56bfc062723c751e8b465ee728b)  -> (artifact id: 'fac5ad3bbc234d8506753fbe013236ed') in 0.028754 seconds 
========================================================================
Received Import Request.
  Time since last request: 0.000028 seconds.
  path: Assets/UI Elements/Extras/Rects/SquareRy8.png
  artifactKey: Guid(02bc6413e9c541c4c8fd2e7501c27232) Importer(815301076,1909f56bfc062723c751e8b465ee728b)
Start importing Assets/UI Elements/Extras/Rects/SquareRy8.png using Guid(02bc6413e9c541c4c8fd2e7501c27232) Importer(815301076,1909f56bfc062723c751e8b465ee728b)  -> (artifact id: '9b1b7a858771ee5720e6776a3e64e8af') in 0.022814 seconds 
========================================================================
Received Prepare
Registering precompiled user dll's ...
Registered in 0.005965 seconds.
Begin MonoManager ReloadAssembly
Symbol file LoadedFromMemory doesn't match image D:\demo\CardGame\Library\PackageCache\com.unity.visualscripting@1.7.8\Editor\VisualScripting.Core\Dependencies\YamlDotNet\Unity.VisualScripting.YamlDotNet.dll
Symbol file LoadedFromMemory doesn't match image D:\demo\CardGame\Library\PackageCache\com.unity.visualscripting@1.7.8\Editor\VisualScripting.Core\Dependencies\DotNetZip\Unity.VisualScripting.IonicZip.dll
Native extension for WindowsStandalone target not found
Refreshing native plugins compatible for Editor in 0.76 ms, found 4 plugins.
Preloading 0 native plugins for Editor in 0.00 ms.
Mono: successfully reloaded assembly
- Completed reload, in  0.890 seconds
Domain Reload Profiling:
	ReloadAssembly (890ms)
		BeginReloadAssembly (134ms)
			ExecutionOrderSort (0ms)
			DisableScriptedObjects (6ms)
			BackupInstance (0ms)
			ReleaseScriptingObjects (0ms)
			CreateAndSetChildDomain (35ms)
		EndReloadAssembly (661ms)
			LoadAssemblies (94ms)
			RebuildTransferFunctionScriptingTraits (0ms)
			SetupTypeCache (210ms)
			ReleaseScriptCaches (1ms)
			RebuildScriptCaches (38ms)
			SetupLoadedEditorAssemblies (289ms)
				LogAssemblyErrors (0ms)
				InitializePlatformSupportModulesInManaged (10ms)
				SetLoadedEditorAssemblies (1ms)
				RefreshPlugins (1ms)
				BeforeProcessingInitializeOnLoad (65ms)
				ProcessInitializeOnLoadAttributes (173ms)
				ProcessInitializeOnLoadMethodAttributes (35ms)
				AfterProcessingInitializeOnLoad (5ms)
				EditorAssembliesLoaded (0ms)
			ExecutionOrderSort2 (0ms)
			AwakeInstancesAfterBackupRestoration (8ms)
Platform modules already initialized, skipping
Refreshing native plugins compatible for Editor in 2.27 ms, found 4 plugins.
Preloading 0 native plugins for Editor in 0.00 ms.
Unloading 4071 Unused Serialized files (Serialized files now loaded: 0)
Unloading 38 unused Assets / (0.7 MB). Loaded Objects now: 4584.
Memory consumption went from 157.4 MB to 156.7 MB.
Total: 3.239200 ms (FindLiveObjects: 0.270800 ms CreateObjectMapping: 0.191100 ms MarkObjects: 2.515000 ms  DeleteObjects: 0.261400 ms)

AssetImportParameters requested are different than current active one (requested -> active):
  custom:video-decoder-ogg-theora: a1e56fd34408186e4bbccfd4996cb3dc -> 
  custom:container-muxer-webm: aa71ff27fc2769a1b78a27578f13a17b -> 
  custom:container-demuxer-webm: 4f35f7cbe854078d1ac9338744f61a02 -> 
  custom:video-encoder-webm-vp8: eb34c28f22e8b96e1ab97ce403110664 -> 
  custom:audio-encoder-webm-vorbis: bf7c407c2cedff20999df2af8eb42d56 -> 
  custom:framework-win-MediaFoundation: 216162199b28c13a410421893ffa2e32 -> 
  custom:container-demuxer-ogg: 62fdf1f143b41e24485cea50d1cbac27 -> 
  custom:video-decoder-webm-vp8: 9c59270c3fd7afecdb556c50c9e8de78 -> 
  custom:audio-decoder-ogg-vorbis: bf7c407c2cedff20999df2af8eb42d56 -> 
========================================================================
Received Prepare
Registering precompiled user dll's ...
Registered in 0.010022 seconds.
Begin MonoManager ReloadAssembly
Symbol file LoadedFromMemory doesn't match image D:\demo\CardGame\Library\PackageCache\com.unity.visualscripting@1.7.8\Editor\VisualScripting.Core\Dependencies\YamlDotNet\Unity.VisualScripting.YamlDotNet.dll
Symbol file LoadedFromMemory doesn't match image D:\demo\CardGame\Library\PackageCache\com.unity.visualscripting@1.7.8\Editor\VisualScripting.Core\Dependencies\DotNetZip\Unity.VisualScripting.IonicZip.dll
Native extension for WindowsStandalone target not found
Refreshing native plugins compatible for Editor in 0.76 ms, found 4 plugins.
Preloading 0 native plugins for Editor in 0.00 ms.
Mono: successfully reloaded assembly
- Completed reload, in  1.047 seconds
Domain Reload Profiling:
	ReloadAssembly (1048ms)
		BeginReloadAssembly (193ms)
			ExecutionOrderSort (0ms)
			DisableScriptedObjects (16ms)
			BackupInstance (0ms)
			ReleaseScriptingObjects (0ms)
			CreateAndSetChildDomain (79ms)
		EndReloadAssembly (765ms)
			LoadAssemblies (92ms)
			RebuildTransferFunctionScriptingTraits (0ms)
			SetupTypeCache (250ms)
			ReleaseScriptCaches (2ms)
			RebuildScriptCaches (48ms)
			SetupLoadedEditorAssemblies (339ms)
				LogAssemblyErrors (0ms)
				InitializePlatformSupportModulesInManaged (11ms)
				SetLoadedEditorAssemblies (1ms)
				RefreshPlugins (1ms)
				BeforeProcessingInitializeOnLoad (76ms)
				ProcessInitializeOnLoadAttributes (207ms)
				ProcessInitializeOnLoadMethodAttributes (35ms)
				AfterProcessingInitializeOnLoad (8ms)
				EditorAssembliesLoaded (0ms)
			ExecutionOrderSort2 (0ms)
			AwakeInstancesAfterBackupRestoration (8ms)
Platform modules already initialized, skipping
Refreshing native plugins compatible for Editor in 2.17 ms, found 4 plugins.
Preloading 0 native plugins for Editor in 0.00 ms.
Unloading 4071 Unused Serialized files (Serialized files now loaded: 0)
Unloading 38 unused Assets / (0.7 MB). Loaded Objects now: 4587.
Memory consumption went from 157.4 MB to 156.7 MB.
Total: 3.773400 ms (FindLiveObjects: 0.295200 ms CreateObjectMapping: 0.203200 ms MarkObjects: 2.889000 ms  DeleteObjects: 0.385200 ms)

AssetImportParameters requested are different than current active one (requested -> active):
  custom:video-decoder-ogg-theora: a1e56fd34408186e4bbccfd4996cb3dc -> 
  custom:container-muxer-webm: aa71ff27fc2769a1b78a27578f13a17b -> 
  custom:container-demuxer-webm: 4f35f7cbe854078d1ac9338744f61a02 -> 
  custom:video-encoder-webm-vp8: eb34c28f22e8b96e1ab97ce403110664 -> 
  custom:audio-encoder-webm-vorbis: bf7c407c2cedff20999df2af8eb42d56 -> 
  custom:framework-win-MediaFoundation: 216162199b28c13a410421893ffa2e32 -> 
  custom:container-demuxer-ogg: 62fdf1f143b41e24485cea50d1cbac27 -> 
  custom:video-decoder-webm-vp8: 9c59270c3fd7afecdb556c50c9e8de78 -> 
  custom:audio-decoder-ogg-vorbis: bf7c407c2cedff20999df2af8eb42d56 -> 
========================================================================
Received Prepare
Registering precompiled user dll's ...
Registered in 0.006081 seconds.
Begin MonoManager ReloadAssembly
Symbol file LoadedFromMemory doesn't match image D:\demo\CardGame\Library\PackageCache\com.unity.visualscripting@1.7.8\Editor\VisualScripting.Core\Dependencies\YamlDotNet\Unity.VisualScripting.YamlDotNet.dll
Symbol file LoadedFromMemory doesn't match image D:\demo\CardGame\Library\PackageCache\com.unity.visualscripting@1.7.8\Editor\VisualScripting.Core\Dependencies\DotNetZip\Unity.VisualScripting.IonicZip.dll
Native extension for WindowsStandalone target not found
Refreshing native plugins compatible for Editor in 0.79 ms, found 4 plugins.
Preloading 0 native plugins for Editor in 0.00 ms.
Mono: successfully reloaded assembly
- Completed reload, in  1.477 seconds
Domain Reload Profiling:
	ReloadAssembly (1478ms)
		BeginReloadAssembly (229ms)
			ExecutionOrderSort (0ms)
			DisableScriptedObjects (8ms)
			BackupInstance (0ms)
			ReleaseScriptingObjects (0ms)
			CreateAndSetChildDomain (60ms)
		EndReloadAssembly (1132ms)
			LoadAssemblies (163ms)
			RebuildTransferFunctionScriptingTraits (0ms)
			SetupTypeCache (628ms)
			ReleaseScriptCaches (1ms)
			RebuildScriptCaches (50ms)
			SetupLoadedEditorAssemblies (317ms)
				LogAssemblyErrors (0ms)
				InitializePlatformSupportModulesInManaged (13ms)
				SetLoadedEditorAssemblies (0ms)
				RefreshPlugins (1ms)
				BeforeProcessingInitializeOnLoad (79ms)
				ProcessInitializeOnLoadAttributes (183ms)
				ProcessInitializeOnLoadMethodAttributes (36ms)
				AfterProcessingInitializeOnLoad (5ms)
				EditorAssembliesLoaded (0ms)
			ExecutionOrderSort2 (0ms)
			AwakeInstancesAfterBackupRestoration (8ms)
Platform modules already initialized, skipping
